<?xml version="1.0" encoding="UTF-8"?>
<!-- Generated by org.testng.reporters.JUnitXMLReporter -->
<testsuite ignored="0" hostname="DESKTOP-S9KIV8J" failures="0" tests="3" name="Default test" time="216.417" errors="0" timestamp="2021-01-24T21:01:35 MYT">
  <testcase classname="testCases.Todoist_TestCases" name="VerifyTheProjectCreatedSuccessfullyViaAPIOnMobile" time="145.515"/>
  <testcase classname="testCases.Todoist_TestCases" name="VerifyTheTaskCreatedSuccessfullyOnMobileByAPI" time="19.896"/>
  <testcase classname="testCases.Todoist_TestCases" name="VerifyTheTaskReopenedSuccessfullyViaAPIOnMobile" time="50.797"/>
</testsuite> <!-- Default test -->
