<?xml version="1.0" encoding="UTF-8"?>
<testng-results ignored="0" total="3" passed="3" failed="0" skipped="0">
  <reporter-output>
  </reporter-output>
  <suite started-at="2021-01-24T20:57:58 MYT" name="Default suite" finished-at="2021-01-24T21:01:35 MYT" duration-ms="216417">
    <groups>
    </groups>
    <test started-at="2021-01-24T20:57:58 MYT" name="Default test" finished-at="2021-01-24T21:01:35 MYT" duration-ms="216417">
      <class name="testCases.Todoist_TestCases">
        <test-method is-config="true" signature="setUp()[pri:0, instance:testCases.Todoist_TestCases@2f62ea70]" started-at="2021-01-24T20:57:11 MYT" name="setUp" finished-at="2021-01-24T20:57:58 MYT" duration-ms="47121" status="PASS">
          <reporter-output>
          </reporter-output>
        </test-method> <!-- setUp -->
        <test-method signature="VerifyTheProjectCreatedSuccessfullyViaAPIOnMobile()[pri:1, instance:testCases.Todoist_TestCases@2f62ea70]" started-at="2021-01-24T20:57:58 MYT" name="VerifyTheProjectCreatedSuccessfullyViaAPIOnMobile" finished-at="2021-01-24T21:00:24 MYT" duration-ms="145515" status="PASS">
          <reporter-output>
          </reporter-output>
        </test-method> <!-- VerifyTheProjectCreatedSuccessfullyViaAPIOnMobile -->
        <test-method signature="VerifyTheTaskCreatedSuccessfullyOnMobileByAPI()[pri:2, instance:testCases.Todoist_TestCases@2f62ea70]" started-at="2021-01-24T21:00:24 MYT" name="VerifyTheTaskCreatedSuccessfullyOnMobileByAPI" finished-at="2021-01-24T21:00:44 MYT" duration-ms="19896" status="PASS">
          <reporter-output>
          </reporter-output>
        </test-method> <!-- VerifyTheTaskCreatedSuccessfullyOnMobileByAPI -->
        <test-method signature="VerifyTheTaskReopenedSuccessfullyViaAPIOnMobile()[pri:3, instance:testCases.Todoist_TestCases@2f62ea70]" started-at="2021-01-24T21:00:44 MYT" name="VerifyTheTaskReopenedSuccessfullyViaAPIOnMobile" finished-at="2021-01-24T21:01:34 MYT" duration-ms="50797" status="PASS">
          <reporter-output>
          </reporter-output>
        </test-method> <!-- VerifyTheTaskReopenedSuccessfullyViaAPIOnMobile -->
        <test-method is-config="true" signature="tearDown()[pri:0, instance:testCases.Todoist_TestCases@2f62ea70]" started-at="2021-01-24T21:01:35 MYT" name="tearDown" finished-at="2021-01-24T21:01:43 MYT" duration-ms="8660" status="PASS">
          <reporter-output>
          </reporter-output>
        </test-method> <!-- tearDown -->
      </class> <!-- testCases.Todoist_TestCases -->
    </test> <!-- Default test -->
  </suite> <!-- Default suite -->
</testng-results>
