<?xml version="1.0" encoding="UTF-8"?>
<!-- Generated by org.testng.reporters.JUnitReportReporter -->
<testsuite hostname="DESKTOP-S9KIV8J" failures="0" tests="3" name="testCases.Todoist_TestCases" time="216.208" errors="0" timestamp="2021-01-24T21:01:43 MYT" skipped="0">
  <testcase classname="testCases.Todoist_TestCases" name="VerifyTheProjectCreatedSuccessfullyViaAPIOnMobile" time="145.515"/>
  <system-out/>
  <testcase classname="testCases.Todoist_TestCases" name="VerifyTheTaskCreatedSuccessfullyOnMobileByAPI" time="19.896"/>
  <system-out/>
  <testcase classname="testCases.Todoist_TestCases" name="VerifyTheTaskReopenedSuccessfullyViaAPIOnMobile" time="50.797"/>
  <system-out/>
</testsuite> <!-- testCases.Todoist_TestCases -->
